0 info it worked if it ends with ok
1 verbose cli [ 'node', '/usr/local/bin/npm', 'publish' ]
2 info using npm@2.5.1
3 info using node@v0.12.0
4 verbose publish [ '.' ]
5 silly cache add args [ '.', null ]
6 verbose cache add spec .
7 silly cache add parsed spec { raw: '.',
7 silly cache add   scope: null,
7 silly cache add   name: null,
7 silly cache add   rawSpec: '.',
7 silly cache add   spec: '/Users/figo/Desktop/hoodie-plugin-facebook-login',
7 silly cache add   type: 'directory' }
8 verbose addLocalDirectory /Users/figo/.npm/hoodie-plugin-facebook-login/0.0.1/package.tgz not in flight; packing
9 verbose tar pack [ '/Users/figo/.npm/hoodie-plugin-facebook-login/0.0.1/package.tgz',
9 verbose tar pack   '/Users/figo/Desktop/hoodie-plugin-facebook-login' ]
10 verbose tarball /Users/figo/.npm/hoodie-plugin-facebook-login/0.0.1/package.tgz
11 verbose folder /Users/figo/Desktop/hoodie-plugin-facebook-login
12 info prepublish hoodie-plugin-facebook-login@0.0.1
13 verbose addLocalTarball adding from inside cache /Users/figo/.npm/hoodie-plugin-facebook-login/0.0.1/package.tgz
14 silly cache afterAdd hoodie-plugin-facebook-login@0.0.1
15 verbose afterAdd /Users/figo/.npm/hoodie-plugin-facebook-login/0.0.1/package/package.json not in flight; writing
16 verbose afterAdd /Users/figo/.npm/hoodie-plugin-facebook-login/0.0.1/package/package.json written
17 silly publish { name: 'hoodie-plugin-facebook-login',
17 silly publish   version: '0.0.1',
17 silly publish   main: 'index.js',
17 silly publish   description: 'Hoodie plugin for Facebook authentication',
17 silly publish   devDependencies: { 'hoodie-plugin-users': '^2.1.4' },
17 silly publish   hoodie: { plugins: [ 'hoodie-plugin-users' ] },
17 silly publish   dependencies:
17 silly publish    { async: '^0.9.0',
17 silly publish      bs58: '^1.2.0',
17 silly publish      hoodie: '0.6.5',
17 silly publish      'hoodie-server': '0.9.19',
17 silly publish      lodash: '^2.4.1' },
17 silly publish   scripts: { 'test:own': 'grunt test', test: 'grunt ci --verbose' },
17 silly publish   readme: '# Hoodie Facebook Login Plugin\n\n> Use Facebook credentials to login into your hoodie app.\n\n#### Installation\n\n```bash\nhoodie install facebook-login\n```\n\nAfter installing the plugin, you must configure it using your Facebook App configuration keys. You need to do this both for the plugin\'s front-end and backend code. To setup the keys for the plugin\'s backend, you can use the plugin\'s admin dashboard. However, the plugin\'s front-end configuration have to be done directly in the plugin\'s front-end API code, in the line 6 of the file "hoodie.facebook-login.js":\n\n```js\n// Plugin contant values\nvar APP_ID = \'APP_ID\'\n```\n\n#### Front-end API\n\n```js\n// sign in\nhoodie.facebookSession.logIn()\n// sign out\nhoodie.facebookSession.logOut()\n// check if there\'s an opened session\nhoodie.facebookSession.isLogged()\n// get current Facebook Access Token\nhoodie.facebookSession.getAccessToken()\n```\n\n#### License\n\nThe MIT License (MIT)\n\nCopyright (c) 2015 GlazedSolutions',
17 silly publish   readmeFilename: 'README.md',
17 silly publish   gitHead: 'd26dcfb7bca452cc833b9123dcbb29507156ace0',
17 silly publish   _id: 'hoodie-plugin-facebook-login@0.0.1',
17 silly publish   _shasum: '2c57023c81a219b19306400c70a3935662af7651',
17 silly publish   _from: '.' }
18 silly mapToRegistry name hoodie-plugin-facebook-login
19 silly mapToRegistry using default registry
20 silly mapToRegistry registry https://registry.npmjs.org/
21 silly mapToRegistry uri https://registry.npmjs.org/hoodie-plugin-facebook-login
22 verbose publish registryBase https://registry.npmjs.org/
23 silly publish uploading /Users/figo/.npm/hoodie-plugin-facebook-login/0.0.1/package.tgz
24 verbose request uri https://registry.npmjs.org/hoodie-plugin-facebook-login
25 verbose request sending authorization for write operation
26 info attempt registry request try #1 at 7:37:11 PM
27 verbose request id 9d434d03889d888e
28 http request PUT https://registry.npmjs.org/hoodie-plugin-facebook-login
29 http 403 https://registry.npmjs.org/hoodie-plugin-facebook-login
30 verbose headers { 'content-type': 'application/json',
30 verbose headers   'cache-control': 'max-age=60',
30 verbose headers   'content-length': '95',
30 verbose headers   'accept-ranges': 'bytes',
30 verbose headers   date: 'Sat, 04 Jul 2015 18:37:13 GMT',
30 verbose headers   via: '1.1 varnish',
30 verbose headers   connection: 'keep-alive',
30 verbose headers   'x-served-by': 'cache-fra1237-FRA',
30 verbose headers   'x-cache': 'MISS',
30 verbose headers   'x-cache-hits': '0',
30 verbose headers   'x-timer': 'S1436035031.445333,VS0,VE1912' }
31 verbose request invalidating /Users/figo/.npm/registry.npmjs.org/hoodie-plugin-facebook-login on PUT
32 error publish Failed PUT 403
33 verbose stack Error: "You cannot publish over the previously published version 0.0.1." : hoodie-plugin-facebook-login
33 verbose stack     at CachingRegistryClient.<anonymous> (/usr/local/lib/node_modules/npm/node_modules/npm-registry-client/lib/request.js:254:14)
33 verbose stack     at Request._callback (/usr/local/lib/node_modules/npm/node_modules/npm-registry-client/lib/request.js:178:14)
33 verbose stack     at Request.self.callback (/usr/local/lib/node_modules/npm/node_modules/request/request.js:344:22)
33 verbose stack     at Request.emit (events.js:110:17)
33 verbose stack     at Request.<anonymous> (/usr/local/lib/node_modules/npm/node_modules/request/request.js:1239:14)
33 verbose stack     at Request.emit (events.js:129:20)
33 verbose stack     at IncomingMessage.<anonymous> (/usr/local/lib/node_modules/npm/node_modules/request/request.js:1187:12)
33 verbose stack     at IncomingMessage.emit (events.js:129:20)
33 verbose stack     at _stream_readable.js:908:16
33 verbose stack     at process._tickCallback (node.js:355:11)
34 verbose statusCode 403
35 verbose pkgid hoodie-plugin-facebook-login
36 verbose cwd /Users/figo/Desktop/hoodie-plugin-facebook-login
37 error Darwin 14.4.0
38 error argv "node" "/usr/local/bin/npm" "publish"
39 error node v0.12.0
40 error npm  v2.5.1
41 error code E403
42 error "You cannot publish over the previously published version 0.0.1." : hoodie-plugin-facebook-login
43 error If you need help, you may report this error at:
43 error     <http://github.com/npm/npm/issues>
44 verbose exit [ 1, true ]
